Print initial account balances
Account 1234 	Name Mike 	Balance	1000.0
Account 2345 	Name Adam 	Balance	2000.0
Account 3456 	Name Linda 	Balance	3000.0
Account 4567 	Name John 	Balance	4000.0
Account 5678 	Name Rami 	Balance	5000.0
Account 6789 	Name Lee 	Balance	6000.0
Account 7890 	Name Tom 	Balance	7000.0
Account 8901 	Name Lisa 	Balance	8000.0
Account 9012 	Name Sam 	Balance	9000.0
Account 4321 	Name Ted 	Balance	10000.0
Depositor and Withdrawal threads have been created
Print final account balances after all the child thread terminated...
Account 1234 	Name Mike 	Balance	-1.04487307E9
Account 2345 	Name Adam 	Balance	-1.10291391E9
Account 3456 	Name Linda 	Balance	-7.7896543E8
Account 4567 	Name John 	Balance	-2.13340207E9
Account 5678 	Name Rami 	Balance	-1.76806595E9
Account 6789 	Name Lee 	Balance	-2.86088095E9
Account 7890 	Name Tom 	Balance	-9.7545818E8
Account 8901 	Name Lisa 	Balance	-1.32467692E9
Account 9012 	Name Sam 	Balance	5.1274912E8
Account 4321 	Name Ted 	Balance	-1.31852126E9
Elapsed time in milliseconds 3125
Elapsed time in seconds is 3.125